<?xml version="1.0" encoding="UTF-8"?>
<!-- Generated by org.testng.reporters.JUnitReportReporter -->
<testsuite hostname="INDRAJITs-MacBook-Air.local" failures="1" tests="1" name="org.tests.GoogleTest" time="20.577" errors="0" timestamp="2021-11-07T18:43:18 IST" skipped="0">
  <testcase classname="org.tests.GoogleTest" name="googleTest" time="20.577">
    <failure message="List size mismatch: expected: = 12, actual: 11, collection: .LC20lb.DKV0Md
Elements: [
	&lt;h3 class=&quot;LC20lb DKV0Md&quot;&gt;Selenide: concise UI tests in Java&lt;/h3&gt;,
	&lt;h3 class=&quot;LC20lb DKV0Md&quot; displayed:false&gt;&lt;/h3&gt;,
	&lt;h3 class=&quot;LC20lb DKV0Md&quot; displayed:false&gt;&lt;/h3&gt;,
	&lt;h3 class=&quot;LC20lb DKV0Md&quot; displayed:false&gt;&lt;/h3&gt;,
	&lt;h3 class=&quot;LC20lb DKV0Md&quot; displayed:false&gt;&lt;/h3&gt;,
	&lt;h3 class=&quot;LC20lb DKV0Md&quot;&gt;Selenide - Concise UI Tests with Java! - GitHub&lt;/h3&gt;,
	&lt;h3 class=&quot;LC20lb DKV0Md&quot;&gt;Run Selenium tests with Selenide | BrowserStack Docs&lt;/h3&gt;,
	&lt;h3 class=&quot;LC20lb DKV0Md&quot;&gt;Selenide: a powerful testing framework - Sonalake&lt;/h3&gt;,
	&lt;h3 class=&quot;LC20lb DKV0Md&quot;&gt;Selenide a Java Based Automation Framework Overview&lt;/h3&gt;,
	&lt;h3 class=&quot;LC20lb DKV0Md&quot;&gt;Selenide - Concise UI Tests in Java - Methods &amp; Tools&lt;/h3&gt;,
	&lt;h3 class=&quot;LC20lb DKV0Md&quot;&gt;Selenide - Wikipedia&lt;/h3&gt;
]
Screenshot: file:/Users/indrajit/eclipse-workspace/SelenideTest/build/reports/tests/1636290793518.0.png
Page source: file:/Users/indrajit/eclipse-workspace/SelenideTest/build/reports/tests/1636290793518.0.html
Timeout: 4 s." type="com.codeborne.selenide.ex.ListSizeMismatch">
      <![CDATA[List size mismatch: expected: = 12, actual: 11, collection: .LC20lb.DKV0Md
Elements: [
<h3 class="LC20lb DKV0Md">Selenide: concise UI tests in Java</h3>,
<h3 class="LC20lb DKV0Md" displayed:false></h3>,
<h3 class="LC20lb DKV0Md" displayed:false></h3>,
<h3 class="LC20lb DKV0Md" displayed:false></h3>,
<h3 class="LC20lb DKV0Md" displayed:false></h3>,
<h3 class="LC20lb DKV0Md">Selenide - Concise UI Tests with Java! - GitHub</h3>,
<h3 class="LC20lb DKV0Md">Run Selenium tests with Selenide | BrowserStack Docs</h3>,
<h3 class="LC20lb DKV0Md">Selenide: a powerful testing framework - Sonalake</h3>,
<h3 class="LC20lb DKV0Md">Selenide a Java Based Automation Framework Overview</h3>,
<h3 class="LC20lb DKV0Md">Selenide - Concise UI Tests in Java - Methods & Tools</h3>,
<h3 class="LC20lb DKV0Md">Selenide - Wikipedia</h3>
]
Screenshot: file:/Users/indrajit/eclipse-workspace/SelenideTest/build/reports/tests/1636290793518.0.png
Page source: file:/Users/indrajit/eclipse-workspace/SelenideTest/build/reports/tests/1636290793518.0.html
Timeout: 4 s.
at com.codeborne.selenide.collections.ListSize.fail(ListSize.java:32)
at com.codeborne.selenide.ElementsCollection.waitUntil(ElementsCollection.java:195)
at com.codeborne.selenide.ElementsCollection.should(ElementsCollection.java:140)
at com.codeborne.selenide.ElementsCollection.shouldHave(ElementsCollection.java:114)
at org.tests.GoogleTest.googleTest(GoogleTest.java:19)
at java.base/jdk.internal.reflect.NativeMethodAccessorImpl.invoke0(Native Method)
at java.base/jdk.internal.reflect.NativeMethodAccessorImpl.invoke(NativeMethodAccessorImpl.java:64)
at java.base/jdk.internal.reflect.DelegatingMethodAccessorImpl.invoke(DelegatingMethodAccessorImpl.java:43)
at java.base/java.lang.reflect.Method.invoke(Method.java:564)
at org.testng.internal.MethodInvocationHelper.invokeMethod(MethodInvocationHelper.java:133)
at org.testng.internal.TestInvoker.invokeMethod(TestInvoker.java:598)
at org.testng.internal.TestInvoker.invokeTestMethod(TestInvoker.java:173)
at org.testng.internal.MethodRunner.runInSequence(MethodRunner.java:46)
at org.testng.internal.TestInvoker$MethodInvocationAgent.invoke(TestInvoker.java:824)
at org.testng.internal.TestInvoker.invokeTestMethods(TestInvoker.java:146)
at org.testng.internal.TestMethodWorker.invokeTestMethods(TestMethodWorker.java:146)
at org.testng.internal.TestMethodWorker.run(TestMethodWorker.java:128)
at java.base/java.util.ArrayList.forEach(ArrayList.java:1511)
at org.testng.TestRunner.privateRun(TestRunner.java:794)
at org.testng.TestRunner.run(TestRunner.java:596)
at org.testng.SuiteRunner.runTest(SuiteRunner.java:377)
at org.testng.SuiteRunner.runSequentially(SuiteRunner.java:371)
at org.testng.SuiteRunner.privateRun(SuiteRunner.java:332)
at org.testng.SuiteRunner.run(SuiteRunner.java:276)
at org.testng.SuiteRunnerWorker.runSuite(SuiteRunnerWorker.java:53)
at org.testng.SuiteRunnerWorker.run(SuiteRunnerWorker.java:96)
at org.testng.TestNG.runSuitesSequentially(TestNG.java:1212)
at org.testng.TestNG.runSuitesLocally(TestNG.java:1134)
at org.testng.TestNG.runSuites(TestNG.java:1063)
at org.testng.TestNG.run(TestNG.java:1031)
at org.testng.remote.AbstractRemoteTestNG.run(AbstractRemoteTestNG.java:115)
at org.testng.remote.RemoteTestNG.initAndRun(RemoteTestNG.java:251)
at org.testng.remote.RemoteTestNG.main(RemoteTestNG.java:77)
]]>
    </failure>
  </testcase> <!-- googleTest -->
  <system-out/>
</testsuite> <!-- org.tests.GoogleTest -->
