<?xml version="1.0" encoding="UTF-8"?>
<!-- Generated by org.testng.reporters.JUnitReportReporter -->
<testsuite hostname="INDRAJITs-MacBook-Air.local" failures="0" tests="1" name="org.tests.LaunchBrowser" time="18.785" errors="0" timestamp="2021-11-07T19:08:08 IST" skipped="0">
  <testcase classname="org.tests.LaunchBrowser" name="LaunchbrowserTest" time="18.785"/>
  <system-out/>
</testsuite> <!-- org.tests.LaunchBrowser -->
